C:\Users\dawad\Documents\Visual Studio 2010\Projects\zhang_impl_v1\Debug\zhang_impl_v1.pdb
C:\USERS\DAWAD\DOCUMENTS\VISUAL STUDIO 2010\PROJECTS\ZHANG_IMPL_V1\ZHANG_IMPL_V1\DEBUG\BINS.OBJ
C:\Users\dawad\Documents\Visual Studio 2010\Projects\zhang_impl_v1\zhang_impl_v1\Debug\cl.command.1.tlog
C:\Users\dawad\Documents\Visual Studio 2010\Projects\zhang_impl_v1\zhang_impl_v1\Debug\CL.read.1.tlog
C:\Users\dawad\Documents\Visual Studio 2010\Projects\zhang_impl_v1\zhang_impl_v1\Debug\CL.write.1.tlog
C:\USERS\DAWAD\DOCUMENTS\VISUAL STUDIO 2010\PROJECTS\ZHANG_IMPL_V1\ZHANG_IMPL_V1\DEBUG\DONNEES.OBJ
C:\USERS\DAWAD\DOCUMENTS\VISUAL STUDIO 2010\PROJECTS\ZHANG_IMPL_V1\ZHANG_IMPL_V1\DEBUG\FICHIERS.OBJ
C:\USERS\DAWAD\DOCUMENTS\VISUAL STUDIO 2010\PROJECTS\ZHANG_IMPL_V1\ZHANG_IMPL_V1\DEBUG\HISTOGRAMS.OBJ
C:\USERS\DAWAD\DOCUMENTS\VISUAL STUDIO 2010\PROJECTS\ZHANG_IMPL_V1\ZHANG_IMPL_V1\DEBUG\KHI_DEUX.OBJ
C:\USERS\DAWAD\DOCUMENTS\VISUAL STUDIO 2010\PROJECTS\ZHANG_IMPL_V1\ZHANG_IMPL_V1\DEBUG\KMEAN.OBJ
C:\Users\dawad\Documents\Visual Studio 2010\Projects\zhang_impl_v1\zhang_impl_v1\Debug\link.command.1.tlog
C:\Users\dawad\Documents\Visual Studio 2010\Projects\zhang_impl_v1\zhang_impl_v1\Debug\link.read.1.tlog
C:\Users\dawad\Documents\Visual Studio 2010\Projects\zhang_impl_v1\zhang_impl_v1\Debug\link.write.1.tlog
C:\Users\dawad\Documents\Visual Studio 2010\Projects\zhang_impl_v1\zhang_impl_v1\Debug\link-cvtres.read.1.tlog
C:\Users\dawad\Documents\Visual Studio 2010\Projects\zhang_impl_v1\zhang_impl_v1\Debug\link-cvtres.write.1.tlog
C:\USERS\DAWAD\DOCUMENTS\VISUAL STUDIO 2010\PROJECTS\ZHANG_IMPL_V1\ZHANG_IMPL_V1\DEBUG\MANIP_HEATMAP.OBJ
C:\USERS\DAWAD\DOCUMENTS\VISUAL STUDIO 2010\PROJECTS\ZHANG_IMPL_V1\ZHANG_IMPL_V1\DEBUG\MASK.OBJ
C:\USERS\DAWAD\DOCUMENTS\VISUAL STUDIO 2010\PROJECTS\ZHANG_IMPL_V1\ZHANG_IMPL_V1\DEBUG\MYSVM.OBJ
C:\USERS\DAWAD\DOCUMENTS\VISUAL STUDIO 2010\PROJECTS\ZHANG_IMPL_V1\ZHANG_IMPL_V1\DEBUG\NEAREST_CLUSTERS.OBJ
C:\Users\dawad\Documents\Visual Studio 2010\Projects\zhang_impl_v1\zhang_impl_v1\Debug\rc.command.1.tlog
C:\Users\dawad\Documents\Visual Studio 2010\Projects\zhang_impl_v1\zhang_impl_v1\Debug\rc.read.1.tlog
C:\Users\dawad\Documents\Visual Studio 2010\Projects\zhang_impl_v1\zhang_impl_v1\Debug\rc.write.1.tlog
C:\USERS\DAWAD\DOCUMENTS\VISUAL STUDIO 2010\PROJECTS\ZHANG_IMPL_V1\ZHANG_IMPL_V1\DEBUG\ROC_ROW.OBJ
C:\USERS\DAWAD\DOCUMENTS\VISUAL STUDIO 2010\PROJECTS\ZHANG_IMPL_V1\ZHANG_IMPL_V1\DEBUG\SIFT_FILTER.OBJ
C:\USERS\DAWAD\DOCUMENTS\VISUAL STUDIO 2010\PROJECTS\ZHANG_IMPL_V1\ZHANG_IMPL_V1\DEBUG\STDAFX.OBJ
C:\Users\dawad\Documents\Visual Studio 2010\Projects\zhang_impl_v1\zhang_impl_v1\Debug\vc100.idb
C:\USERS\DAWAD\DOCUMENTS\VISUAL STUDIO 2010\PROJECTS\ZHANG_IMPL_V1\ZHANG_IMPL_V1\DEBUG\VC100.PDB
C:\USERS\DAWAD\DOCUMENTS\VISUAL STUDIO 2010\PROJECTS\ZHANG_IMPL_V1\ZHANG_IMPL_V1\DEBUG\WORD.OBJ
C:\USERS\DAWAD\DOCUMENTS\VISUAL STUDIO 2010\PROJECTS\ZHANG_IMPL_V1\ZHANG_IMPL_V1\DEBUG\ZHANG_IMPL_MAIN.OBJ
C:\Users\dawad\Documents\Visual Studio 2010\Projects\zhang_impl_v1\zhang_impl_v1\Debug\zhang_impl_v1.exe.embed.manifest
C:\USERS\DAWAD\DOCUMENTS\VISUAL STUDIO 2010\PROJECTS\ZHANG_IMPL_V1\ZHANG_IMPL_V1\DEBUG\ZHANG_IMPL_V1.EXE.EMBED.MANIFEST.RES
C:\Users\dawad\Documents\Visual Studio 2010\Projects\zhang_impl_v1\zhang_impl_v1\Debug\zhang_impl_v1.exe.intermediate.manifest
C:\USERS\DAWAD\DOCUMENTS\VISUAL STUDIO 2010\PROJECTS\ZHANG_IMPL_V1\ZHANG_IMPL_V1\DEBUG\ZHANG_IMPL_V1.OBJ
C:\USERS\DAWAD\DOCUMENTS\VISUAL STUDIO 2010\PROJECTS\ZHANG_IMPL_V1\ZHANG_IMPL_V1\DEBUG\ZHANG_IMPL_V1.PCH
C:\USERS\DAWAD\DOCUMENTS\VISUAL STUDIO 2010\PROJECTS\ZHANG_IMPL_V1\ZHANG_IMPL_V1\DEBUG\ZHANG_IMPL_V1.RES
C:\Users\dawad\Documents\Visual Studio 2010\Projects\zhang_impl_v1\zhang_impl_v1\Debug\zhang_impl_v1_manifest.rc
