C:\USERS\DAWAD\DOCUMENTS\VISUAL STUDIO 2010\PROJECTS\ZHANG_IMPL_V1\RELEASE\ZHANG_IMPL_V1.EXE
C:\USERS\DAWAD\DOCUMENTS\VISUAL STUDIO 2010\PROJECTS\ZHANG_IMPL_V1\RELEASE\ZHANG_IMPL_V1.PDB
C:\USERS\DAWAD\DOCUMENTS\VISUAL STUDIO 2010\PROJECTS\ZHANG_IMPL_V1\ZHANG_IMPL_V1\RELEASE\BINS.OBJ
C:\Users\dawad\Documents\Visual Studio 2010\Projects\zhang_impl_v1\zhang_impl_v1\Release\cl.command.1.tlog
C:\Users\dawad\Documents\Visual Studio 2010\Projects\zhang_impl_v1\zhang_impl_v1\Release\CL.read.1.tlog
C:\Users\dawad\Documents\Visual Studio 2010\Projects\zhang_impl_v1\zhang_impl_v1\Release\CL.write.1.tlog
C:\USERS\DAWAD\DOCUMENTS\VISUAL STUDIO 2010\PROJECTS\ZHANG_IMPL_V1\ZHANG_IMPL_V1\RELEASE\DONNEES.OBJ
C:\USERS\DAWAD\DOCUMENTS\VISUAL STUDIO 2010\PROJECTS\ZHANG_IMPL_V1\ZHANG_IMPL_V1\RELEASE\FICHIERS.OBJ
C:\USERS\DAWAD\DOCUMENTS\VISUAL STUDIO 2010\PROJECTS\ZHANG_IMPL_V1\ZHANG_IMPL_V1\RELEASE\HISTOGRAMS.OBJ
C:\USERS\DAWAD\DOCUMENTS\VISUAL STUDIO 2010\PROJECTS\ZHANG_IMPL_V1\ZHANG_IMPL_V1\RELEASE\KHI_DEUX.OBJ
C:\USERS\DAWAD\DOCUMENTS\VISUAL STUDIO 2010\PROJECTS\ZHANG_IMPL_V1\ZHANG_IMPL_V1\RELEASE\KMEAN.OBJ
C:\Users\dawad\Documents\Visual Studio 2010\Projects\zhang_impl_v1\zhang_impl_v1\Release\link.command.1.tlog
C:\Users\dawad\Documents\Visual Studio 2010\Projects\zhang_impl_v1\zhang_impl_v1\Release\link.read.1.tlog
C:\Users\dawad\Documents\Visual Studio 2010\Projects\zhang_impl_v1\zhang_impl_v1\Release\link.write.1.tlog
C:\Users\dawad\Documents\Visual Studio 2010\Projects\zhang_impl_v1\zhang_impl_v1\Release\link-cvtres.read.1.tlog
C:\Users\dawad\Documents\Visual Studio 2010\Projects\zhang_impl_v1\zhang_impl_v1\Release\link-cvtres.write.1.tlog
C:\Users\dawad\Documents\Visual Studio 2010\Projects\zhang_impl_v1\zhang_impl_v1\Release\mt.command.1.tlog
C:\Users\dawad\Documents\Visual Studio 2010\Projects\zhang_impl_v1\zhang_impl_v1\Release\mt.read.1.tlog
C:\Users\dawad\Documents\Visual Studio 2010\Projects\zhang_impl_v1\zhang_impl_v1\Release\mt.write.1.tlog
C:\USERS\DAWAD\DOCUMENTS\VISUAL STUDIO 2010\PROJECTS\ZHANG_IMPL_V1\ZHANG_IMPL_V1\RELEASE\MYSVM.OBJ
C:\USERS\DAWAD\DOCUMENTS\VISUAL STUDIO 2010\PROJECTS\ZHANG_IMPL_V1\ZHANG_IMPL_V1\RELEASE\NEAREST_CLUSTERS.OBJ
C:\Users\dawad\Documents\Visual Studio 2010\Projects\zhang_impl_v1\zhang_impl_v1\Release\rc.command.1.tlog
C:\Users\dawad\Documents\Visual Studio 2010\Projects\zhang_impl_v1\zhang_impl_v1\Release\rc.read.1.tlog
C:\Users\dawad\Documents\Visual Studio 2010\Projects\zhang_impl_v1\zhang_impl_v1\Release\rc.write.1.tlog
C:\USERS\DAWAD\DOCUMENTS\VISUAL STUDIO 2010\PROJECTS\ZHANG_IMPL_V1\ZHANG_IMPL_V1\RELEASE\ROC_ROW.OBJ
C:\USERS\DAWAD\DOCUMENTS\VISUAL STUDIO 2010\PROJECTS\ZHANG_IMPL_V1\ZHANG_IMPL_V1\RELEASE\STDAFX.OBJ
C:\USERS\DAWAD\DOCUMENTS\VISUAL STUDIO 2010\PROJECTS\ZHANG_IMPL_V1\ZHANG_IMPL_V1\RELEASE\VC100.PDB
C:\USERS\DAWAD\DOCUMENTS\VISUAL STUDIO 2010\PROJECTS\ZHANG_IMPL_V1\ZHANG_IMPL_V1\RELEASE\WORD.OBJ
C:\USERS\DAWAD\DOCUMENTS\VISUAL STUDIO 2010\PROJECTS\ZHANG_IMPL_V1\ZHANG_IMPL_V1\RELEASE\ZHANG_IMPL_V1.EXE.INTERMEDIATE.MANIFEST
C:\USERS\DAWAD\DOCUMENTS\VISUAL STUDIO 2010\PROJECTS\ZHANG_IMPL_V1\ZHANG_IMPL_V1\RELEASE\ZHANG_IMPL_V1.OBJ
C:\Users\dawad\Documents\Visual Studio 2010\Projects\zhang_impl_v1\zhang_impl_v1\Release\zhang_impl_v1.pch
C:\USERS\DAWAD\DOCUMENTS\VISUAL STUDIO 2010\PROJECTS\ZHANG_IMPL_V1\ZHANG_IMPL_V1\RELEASE\ZHANG_IMPL_V1.RES
