Build started 05/03/2014 18:32:30.
     1>Project "D:\dounia\zhang_impl_v1\zhang_impl_v1\zhang_impl_v1.vcxproj" on node 2 (build target(s)).
     1>InitializeBuildStatus:
         Creating "Release\zhang_impl_v1.unsuccessfulbuild" because "AlwaysCreate" was specified.
       ClCompile:
         All outputs are up-to-date.
         C:\Program Files (x86)\Microsoft Visual Studio 10.0\VC\bin\CL.exe /c /Zi /nologo /W3 /WX- /O2 /Oi /Oy- /GL /D WIN32 /D NDEBUG /D _CONSOLE /D _UNICODE /D UNICODE /Gm- /EHsc /MD /GS /Gy /fp:precise /Zc:wchar_t /Zc:forScope /Yu"StdAfx.h" /Fp"Release\zhang_impl_v1.pch" /Fo"Release\\" /Fd"Release\vc100.pdb" /Gd /TP /analyze- /errorReport:prompt Fichiers\Fichiers.cpp
         Fichiers.cpp
     1>d:\dounia\zhang_impl_v1\zhang_impl_v1\fichiers\Fichiers.h(98): warning C4018: '<' : signed/unsigned mismatch
     1>Fichiers\Fichiers.cpp(102): warning C4996: 'sscanf': This function or variable may be unsafe. Consider using sscanf_s instead. To disable deprecation, use _CRT_SECURE_NO_WARNINGS. See online help for details.
                 C:\Program Files (x86)\Microsoft Visual Studio 10.0\VC\include\stdio.h(325) : see declaration of 'sscanf'
     1>Fichiers\Fichiers.cpp(130): warning C4244: 'argument' : conversion from 'float' to 'const int', possible loss of data
     1>Fichiers\Fichiers.cpp(226): warning C4244: 'argument' : conversion from 'float' to 'const int', possible loss of data
     1>Fichiers\Fichiers.cpp(253): warning C4996: 'sscanf': This function or variable may be unsafe. Consider using sscanf_s instead. To disable deprecation, use _CRT_SECURE_NO_WARNINGS. See online help for details.
                 C:\Program Files (x86)\Microsoft Visual Studio 10.0\VC\include\stdio.h(325) : see declaration of 'sscanf'
     1>Fichiers\Fichiers.cpp(277): warning C4018: '<' : signed/unsigned mismatch
     1>Fichiers\Fichiers.cpp(295): warning C4018: '<' : signed/unsigned mismatch
     1>Fichiers\Fichiers.cpp(299): warning C4995: 'strcpy': name was marked as #pragma deprecated
     1>Fichiers\Fichiers.cpp(299): warning C4996: 'strcpy': This function or variable may be unsafe. Consider using strcpy_s instead. To disable deprecation, use _CRT_SECURE_NO_WARNINGS. See online help for details.
                 C:\Program Files (x86)\Microsoft Visual Studio 10.0\VC\include\string.h(105) : see declaration of 'strcpy'
     1>Fichiers\Fichiers.cpp(300): warning C4996: 'strtok': This function or variable may be unsafe. Consider using strtok_s instead. To disable deprecation, use _CRT_SECURE_NO_WARNINGS. See online help for details.
                 C:\Program Files (x86)\Microsoft Visual Studio 10.0\VC\include\string.h(197) : see declaration of 'strtok'
     1>Fichiers\Fichiers.cpp(314): warning C4018: '<' : signed/unsigned mismatch
     1>Fichiers\Fichiers.cpp(328): warning C4101: 'e' : unreferenced local variable
     1>Fichiers\Fichiers.cpp(467): warning C4018: '<' : signed/unsigned mismatch
     1>Fichiers\Fichiers.cpp(491): warning C4018: '<' : signed/unsigned mismatch
     1>Fichiers\Fichiers.cpp(516): warning C4018: '<' : signed/unsigned mismatch
     1>Fichiers\Fichiers.cpp(549): warning C4018: '<' : signed/unsigned mismatch
     1>Fichiers\Fichiers.cpp(553): warning C4018: '<' : signed/unsigned mismatch
     1>Fichiers\Fichiers.cpp(659): warning C4018: '<' : signed/unsigned mismatch
     1>Fichiers\Fichiers.cpp(662): warning C4018: '<' : signed/unsigned mismatch
     1>Fichiers\Fichiers.cpp(725): warning C4018: '<' : signed/unsigned mismatch
     1>Fichiers\Fichiers.cpp(746): warning C4018: '<' : signed/unsigned mismatch
     1>Fichiers\Fichiers.cpp(751): warning C4018: '<' : signed/unsigned mismatch
     1>Fichiers\Fichiers.cpp(806): warning C4018: '<' : signed/unsigned mismatch
     1>Fichiers\Fichiers.cpp(817): warning C4018: '<' : signed/unsigned mismatch
     1>Fichiers\Fichiers.cpp(819): warning C4018: '<' : signed/unsigned mismatch
       ResourceCompile:
         All outputs are up-to-date.
       Link:
         C:\Program Files (x86)\Microsoft Visual Studio 10.0\VC\bin\link.exe /ERRORREPORT:PROMPT /OUT:"D:\dounia\zhang_impl_v1\Release\zhang_impl_v1.exe" /INCREMENTAL:NO /NOLOGO /LIBPATH:"C:\Users\dawad\Documents\Visual Studio 2010\Projects\filter_SIFT" ml210.lib cv210.lib cxcore210.lib highgui210.lib kernel32.lib user32.lib gdi32.lib winspool.lib comdlg32.lib advapi32.lib shell32.lib ole32.lib oleaut32.lib uuid.lib odbc32.lib odbccp32.lib /MANIFEST /ManifestFile:"Release\zhang_impl_v1.exe.intermediate.manifest" /MANIFESTUAC:"level='asInvoker' uiAccess='false'" /DEBUG /PDB:"D:\dounia\zhang_impl_v1\Release\zhang_impl_v1.pdb" /SUBSYSTEM:CONSOLE /OPT:REF /OPT:ICF /LTCG /TLBID:1 /DYNAMICBASE /NXCOMPAT /IMPLIB:"D:\dounia\zhang_impl_v1\Release\zhang_impl_v1.lib" /MACHINE:X86 Release\zhang_impl_v1.res
         Release\bins.obj
         Release\Mask.obj
         Release\nearest_clusters.obj
         Release\rate.obj
         Release\word.obj
         Release\Donnees.obj
         Release\Fichiers.obj
         Release\histograms.obj
         Release\khi_deux.obj
         Release\kmean.obj
         Release\roc_row.obj
         Release\manip_heatmap.obj
         Release\SIFT_filter.obj
         Release\stdafx.obj
         Release\mysvm.obj
         Release\zhang_impl_main.obj
         Release\zhang_impl_v1.obj
         Generating code
         Finished generating code
         zhang_impl_v1.vcxproj -> D:\dounia\zhang_impl_v1\Release\zhang_impl_v1.exe
       Manifest:
         C:\Program Files (x86)\Microsoft SDKs\Windows\v7.0A\bin\mt.exe /nologo /verbose /outputresource:"D:\dounia\zhang_impl_v1\Release\zhang_impl_v1.exe;#1" /manifest Release\zhang_impl_v1.exe.intermediate.manifest
       FinalizeBuildStatus:
         Deleting file "Release\zhang_impl_v1.unsuccessfulbuild".
         Touching "Release\zhang_impl_v1.lastbuildstate".
     1>Done Building Project "D:\dounia\zhang_impl_v1\zhang_impl_v1\zhang_impl_v1.vcxproj" (build target(s)).

Build succeeded.

Time Elapsed 00:00:06.87
